-------------------------------------------------------------------------------
Test set: ie.gmit.PassengerTest
-------------------------------------------------------------------------------
Tests run: 10, Failures: 0, Errors: 1, Skipped: 0, Time elapsed: 0.095 s <<< FAILURE! - in ie.gmit.PassengerTest
ie.gmit.PassengerTest.InvalidNameTest  Time elapsed: 0.003 s  <<< ERROR!
java.lang.IllegalArgumentException: Name must be 3 characters or more
	at ie.gmit.PassengerTest.InvalidNameTest(PassengerTest.java:54)

